#
# A fatal error has been detected by the Java Runtime Environment:
#
#  EXCEPTION_ACCESS_VIOLATION (0xc0000005) at pc=0x0000000180011710, pid=13500, tid=0x00000000000035e8
#
# JRE version: Java(TM) SE Runtime Environment (8.0_181-b13) (build 1.8.0_181-b13)
# Java VM: Java HotSpot(TM) 64-Bit Server VM (25.181-b13 mixed mode windows-amd64 compressed oops)
# Problematic frame:
# C  [jna4402991250790538564.tmp+0x11710]
#
# Failed to write core dump. Minidumps are not enabled by default on client versions of Windows
#
# If you would like to submit a bug report, please visit:
#   http://bugreport.java.com/bugreport/crash.jsp
# The crash happened outside the Java Virtual Machine in native code.
# See problematic frame for where to report the bug.
#

---------------  T H R E A D  ---------------

Current thread (0x0000000016b81800):  JavaThread "AWT-EventQueue-0" [_thread_in_native, id=13800, stack(0x0000000019080000,0x0000000019180000)]

siginfo: ExceptionCode=0xc0000005, reading address 0x0000000200000106

Registers:
RAX=0x00000001800030a0, RBX=0x0000000014ee54c0, RCX=0x000000001917cd60, RDX=0x00000001e6e833a6
RSP=0x000000001917cd38, RBP=0x000000001917cdf8, RSI=0x0000000018ef7360, RDI=0x00000000031c80e0
R8 =0x0000000000000001, R9 =0x0000000016b3d150, R10=0x00000000031d869b, R11=0x000000001917cd60
R12=0x0000000000000000, R13=0x0000000014ee54c0, R14=0x000000001917ce20, R15=0x0000000016b81800
RIP=0x0000000180011710, EFLAGS=0x0000000000010202

Top of Stack: (sp=0x000000001917cd38)
0x000000001917cd38:   00000001800030cd 0000000000000009
0x000000001917cd48:   000000006ec0ed95 000000001634fd68
0x000000001917cd58:   0000000014d31028 0000000016b81800
0x000000001917cd68:   000000001917ce78 00000000031e48e3
0x000000001917cd78:   00000000031d86c7 0000000016b819f8
0x000000001917cd88:   000000001917ce08 0000000200000106
0x000000001917cd98:   0000000014d37849 00000000000000b6
0x000000001917cda8:   0000000014d37970 0000000016b81800
0x000000001917cdb8:   000000001917cdb8 0000000000000000
0x000000001917cdc8:   000000001917ce20 0000000014eea058
0x000000001917cdd8:   0000000000000000 0000000014ee54c0
0x000000001917cde8:   0000000000000000 000000001917ce18
0x000000001917cdf8:   000000001917ce68 00000000031c7a60
0x000000001917ce08:   00000000edd28518 00000000031d21ce
0x000000001917ce18:   0000000200000106 0000000000000000
0x000000001917ce28:   000000001917ce28 0000000014ee540e 

Instructions: (pc=0x0000000180011710)
0x00000001800116f0:   8b 04 0a 48 89 01 48 83 c1 08 49 ff c9 75 f0 49
0x0000000180011700:   83 e0 07 4d 85 c0 75 08 49 8b c3 c3 0f 1f 40 00
0x0000000180011710:   8a 04 0a 88 01 48 ff c1 49 ff c8 75 f3 49 8b c3
0x0000000180011720:   c3 66 66 66 66 66 66 66 0f 1f 84 00 00 00 00 00 


Register to memory mapping:

RAX=0x00000001800030a0 is an unknown value
RBX={method} {0x0000000014ee54c8} '_getByte' '(J)B' in 'com/sun/jna/Pointer'
RCX=0x000000001917cd60 is pointing into the stack for thread: 0x0000000016b81800
RDX=0x00000001e6e833a6 is an unknown value
RSP=0x000000001917cd38 is pointing into the stack for thread: 0x0000000016b81800
RBP=0x000000001917cdf8 is pointing into the stack for thread: 0x0000000016b81800
RSI=0x0000000018ef7360 is pointing into metadata
RDI=0x00000000031c80e0 is at code_begin+1664 in an Interpreter codelet
invoke return entry points  [0x00000000031c7a60, 0x00000000031c8440]  2528 bytes
R8 =0x0000000000000001 is an unknown value
R9 =0x0000000016b3d150 is an unknown value
R10=0x00000000031d869b is at code_begin+891 in an Interpreter codelet
method entry point (kind = native)  [0x00000000031d8320, 0x00000000031d8ce0]  2496 bytes
R11=0x000000001917cd60 is pointing into the stack for thread: 0x0000000016b81800
R12=0x0000000000000000 is an unknown value
R13={method} {0x0000000014ee54c8} '_getByte' '(J)B' in 'com/sun/jna/Pointer'
R14=0x000000001917ce20 is pointing into the stack for thread: 0x0000000016b81800
R15=0x0000000016b81800 is a thread


Stack: [0x0000000019080000,0x0000000019180000],  sp=0x000000001917cd38,  free space=1011k
Native frames: (J=compiled Java code, j=interpreted, Vv=VM code, C=native code)
C  [jna4402991250790538564.tmp+0x11710]

Java frames: (J=compiled Java code, j=interpreted, Vv=VM code)
j  com.sun.jna.Pointer._getByte(J)B+0
j  com.sun.jna.Pointer.getByte(J)B+6
j  ClientDemo.ClientDemo.jButton2ActionPerformed(Ljava/awt/event/ActionEvent;)V+257
j  ClientDemo.ClientDemo.access$500(LClientDemo/ClientDemo;Ljava/awt/event/ActionEvent;)V+2
j  ClientDemo.ClientDemo$6.actionPerformed(Ljava/awt/event/ActionEvent;)V+5
j  javax.swing.AbstractButton.fireActionPerformed(Ljava/awt/event/ActionEvent;)V+83
j  javax.swing.AbstractButton$Handler.actionPerformed(Ljava/awt/event/ActionEvent;)V+5
j  javax.swing.DefaultButtonModel.fireActionPerformed(Ljava/awt/event/ActionEvent;)V+34
j  javax.swing.DefaultButtonModel.setPressed(Z)V+117
j  javax.swing.plaf.basic.BasicButtonListener.mouseReleased(Ljava/awt/event/MouseEvent;)V+35
j  java.awt.Component.processMouseEvent(Ljava/awt/event/MouseEvent;)V+64
j  javax.swing.JComponent.processMouseEvent(Ljava/awt/event/MouseEvent;)V+23
j  java.awt.Component.processEvent(Ljava/awt/AWTEvent;)V+81
j  java.awt.Container.processEvent(Ljava/awt/AWTEvent;)V+18
j  java.awt.Component.dispatchEventImpl(Ljava/awt/AWTEvent;)V+589
j  java.awt.Container.dispatchEventImpl(Ljava/awt/AWTEvent;)V+42
j  java.awt.Component.dispatchEvent(Ljava/awt/AWTEvent;)V+2
j  java.awt.LightweightDispatcher.retargetMouseEvent(Ljava/awt/Component;ILjava/awt/event/MouseEvent;)V+349
j  java.awt.LightweightDispatcher.processMouseEvent(Ljava/awt/event/MouseEvent;)Z+155
j  java.awt.LightweightDispatcher.dispatchEvent(Ljava/awt/AWTEvent;)Z+50
j  java.awt.Container.dispatchEventImpl(Ljava/awt/AWTEvent;)V+12
j  java.awt.Window.dispatchEventImpl(Ljava/awt/AWTEvent;)V+19
j  java.awt.Component.dispatchEvent(Ljava/awt/AWTEvent;)V+2
j  java.awt.EventQueue.dispatchEventImpl(Ljava/awt/AWTEvent;Ljava/lang/Object;)V+41
j  java.awt.EventQueue.access$500(Ljava/awt/EventQueue;Ljava/awt/AWTEvent;Ljava/lang/Object;)V+3
j  java.awt.EventQueue$3.run()Ljava/lang/Void;+32
j  java.awt.EventQueue$3.run()Ljava/lang/Object;+1
v  ~StubRoutines::call_stub
J 1165  java.security.AccessController.doPrivileged(Ljava/security/PrivilegedAction;Ljava/security/AccessControlContext;)Ljava/lang/Object; (0 bytes) @ 0x00000000035bd3e6 [0x00000000035bd380+0x66]
J 1186 C1 java.security.ProtectionDomain$JavaSecurityAccessImpl.doIntersectionPrivilege(Ljava/security/PrivilegedAction;Ljava/security/AccessControlContext;Ljava/security/AccessControlContext;)Ljava/lang/Object; (22 bytes) @ 0x00000000035c5aac [0x00000000035c5640+0x46c]
j  java.security.ProtectionDomain$JavaSecurityAccessImpl.doIntersectionPrivilege(Ljava/security/PrivilegedAction;Ljava/security/AccessControlContext;)Ljava/lang/Object;+6
j  java.awt.EventQueue$4.run()Ljava/lang/Void;+11
j  java.awt.EventQueue$4.run()Ljava/lang/Object;+1
v  ~StubRoutines::call_stub
J 1165  java.security.AccessController.doPrivileged(Ljava/security/PrivilegedAction;Ljava/security/AccessControlContext;)Ljava/lang/Object; (0 bytes) @ 0x00000000035bd3e6 [0x00000000035bd380+0x66]
J 1347 C1 java.awt.EventQueue.dispatchEvent(Ljava/awt/AWTEvent;)V (80 bytes) @ 0x00000000036695fc [0x0000000003668780+0xe7c]
j  java.awt.EventDispatchThread.pumpOneEventForFilters(I)V+140
j  java.awt.EventDispatchThread.pumpEventsForFilter(ILjava/awt/Conditional;Ljava/awt/EventFilter;)V+35
j  java.awt.EventDispatchThread.pumpEventsForHierarchy(ILjava/awt/Conditional;Ljava/awt/Component;)V+11
j  java.awt.EventDispatchThread.pumpEvents(ILjava/awt/Conditional;)V+4
j  java.awt.EventDispatchThread.pumpEvents(Ljava/awt/Conditional;)V+3
j  java.awt.EventDispatchThread.run()V+9
v  ~StubRoutines::call_stub

---------------  P R O C E S S  ---------------

Java Threads: ( => current thread )
  0x000000001aadd000 JavaThread "TimerQueue" daemon [_thread_blocked, id=5368, stack(0x0000000018cf0000,0x0000000018df0000)]
  0x00000000030c2800 JavaThread "DestroyJavaVM" [_thread_blocked, id=10356, stack(0x0000000002b60000,0x0000000002c60000)]
=>0x0000000016b81800 JavaThread "AWT-EventQueue-0" [_thread_in_native, id=13800, stack(0x0000000019080000,0x0000000019180000)]
  0x0000000016bc2800 JavaThread "AWT-Windows" daemon [_thread_in_native, id=13716, stack(0x0000000018420000,0x0000000018520000)]
  0x0000000016c0e000 JavaThread "AWT-Shutdown" [_thread_blocked, id=13796, stack(0x0000000018320000,0x0000000018420000)]
  0x0000000016c0d800 JavaThread "Java2D Disposer" daemon [_thread_blocked, id=13840, stack(0x0000000018220000,0x0000000018320000)]
  0x000000001634b800 JavaThread "Service Thread" daemon [_thread_blocked, id=8756, stack(0x0000000016830000,0x0000000016930000)]
  0x000000001532d800 JavaThread "C1 CompilerThread1" daemon [_thread_blocked, id=14252, stack(0x0000000016730000,0x0000000016830000)]
  0x00000000152f2000 JavaThread "C2 CompilerThread0" daemon [_thread_blocked, id=13788, stack(0x0000000016230000,0x0000000016330000)]
  0x000000001529b800 JavaThread "Attach Listener" daemon [_thread_blocked, id=13040, stack(0x0000000016130000,0x0000000016230000)]
  0x00000000152f1000 JavaThread "Signal Dispatcher" daemon [_thread_blocked, id=5476, stack(0x0000000016030000,0x0000000016130000)]
  0x00000000031b8800 JavaThread "Finalizer" daemon [_thread_blocked, id=6056, stack(0x0000000015ed0000,0x0000000015fd0000)]
  0x00000000031ae800 JavaThread "Reference Handler" daemon [_thread_blocked, id=13724, stack(0x0000000015dd0000,0x0000000015ed0000)]

Other Threads:
  0x0000000015256800 VMThread [stack: 0x0000000015cd0000,0x0000000015dd0000] [id=11952]
  0x0000000016363000 WatcherThread [stack: 0x0000000016930000,0x0000000016a30000] [id=11276]

VM state:not at safepoint (normal execution)

VM Mutex/Monitor currently owned by a thread: None

Heap:
 PSYoungGen      total 17408K, used 16246K [0x00000000ece00000, 0x00000000ee100000, 0x0000000100000000)
  eden space 15360K, 92% used [0x00000000ece00000,0x00000000edbdf878,0x00000000edd00000)
  from space 2048K, 99% used [0x00000000edd00000,0x00000000edefe010,0x00000000edf00000)
  to   space 2048K, 0% used [0x00000000edf00000,0x00000000edf00000,0x00000000ee100000)
 ParOldGen       total 39936K, used 1242K [0x00000000c6a00000, 0x00000000c9100000, 0x00000000ece00000)
  object space 39936K, 3% used [0x00000000c6a00000,0x00000000c6b36ad8,0x00000000c9100000)
 Metaspace       used 15424K, capacity 15604K, committed 15872K, reserved 1062912K
  class space    used 2117K, capacity 2190K, committed 2304K, reserved 1048576K

Card table byte_map: [0x0000000012580000,0x0000000012750000] byte_map_base: 0x0000000011f4b000

Marking Bits: (ParMarkBitMap*) 0x000000006f222d00
 Begin Bits: [0x0000000012a90000, 0x00000000138e8000)
 End Bits:   [0x00000000138e8000, 0x0000000014740000)

Polling page: 0x0000000001370000

CodeCache: size=245760Kb used=4933Kb max_used=4933Kb free=240826Kb
 bounds [0x00000000031c0000, 0x00000000036a0000, 0x00000000121c0000]
 total_blobs=1928 nmethods=1416 adapters=425
 compilation: enabled

Compilation events (10 events):
Event: 8.614 Thread 0x000000001532d800 1410       3       sun.awt.image.BufImgSurfaceData::getRenderLoops (26 bytes)
Event: 8.615 Thread 0x000000001532d800 nmethod 1410 0x000000000368ddd0 code [0x000000000368df40, 0x000000000368e148]
Event: 8.650 Thread 0x000000001532d800 1412  s    3       javax.swing.RepaintManager::getPaintManager (107 bytes)
Event: 8.651 Thread 0x000000001532d800 nmethod 1412 0x000000000368e590 code [0x000000000368e7a0, 0x000000000368f3b8]
Event: 8.651 Thread 0x000000001532d800 1413   !   3       sun.java2d.SunGraphics2D::drawImage (145 bytes)
Event: 8.653 Thread 0x000000001532d800 nmethod 1413 0x000000000368f850 code [0x000000000368fac0, 0x0000000003690f38]
Event: 8.653 Thread 0x000000001532d800 1414       3       sun.java2d.SunGraphics2D::isHiDPIImage (29 bytes)
Event: 8.653 Thread 0x000000001532d800 nmethod 1414 0x0000000003691850 code [0x0000000003691a00, 0x00000000036920b8]
Event: 8.661 Thread 0x000000001532d800 1415       1       java.awt.event.MouseEvent::isPopupTrigger (5 bytes)
Event: 8.662 Thread 0x000000001532d800 nmethod 1415 0x0000000003692250 code [0x00000000036923a0, 0x00000000036924b0]

GC Heap History (2 events):
Event: 2.840 GC heap before
{Heap before GC invocations=1 (full 0):
 PSYoungGen      total 17408K, used 15360K [0x00000000ece00000, 0x00000000ee100000, 0x0000000100000000)
  eden space 15360K, 100% used [0x00000000ece00000,0x00000000edd00000,0x00000000edd00000)
  from space 2048K, 0% used [0x00000000edf00000,0x00000000edf00000,0x00000000ee100000)
  to   space 2048K, 0% used [0x00000000edd00000,0x00000000edd00000,0x00000000edf00000)
 ParOldGen       total 39936K, used 0K [0x00000000c6a00000, 0x00000000c9100000, 0x00000000ece00000)
  object space 39936K, 0% used [0x00000000c6a00000,0x00000000c6a00000,0x00000000c9100000)
 Metaspace       used 9935K, capacity 10110K, committed 10368K, reserved 1058816K
  class space    used 1221K, capacity 1303K, committed 1408K, reserved 1048576K
Event: 2.850 GC heap after
Heap after GC invocations=1 (full 0):
 PSYoungGen      total 17408K, used 2040K [0x00000000ece00000, 0x00000000ee100000, 0x0000000100000000)
  eden space 15360K, 0% used [0x00000000ece00000,0x00000000ece00000,0x00000000edd00000)
  from space 2048K, 99% used [0x00000000edd00000,0x00000000edefe010,0x00000000edf00000)
  to   space 2048K, 0% used [0x00000000edf00000,0x00000000edf00000,0x00000000ee100000)
 ParOldGen       total 39936K, used 1242K [0x00000000c6a00000, 0x00000000c9100000, 0x00000000ece00000)
  object space 39936K, 3% used [0x00000000c6a00000,0x00000000c6b36ad8,0x00000000c9100000)
 Metaspace       used 9935K, capacity 10110K, committed 10368K, reserved 1058816K
  class space    used 1221K, capacity 1303K, committed 1408K, reserved 1048576K
}

Deoptimization events (10 events):
Event: 3.853 Thread 0x0000000016bc2800 Uncommon trap: reason=bimorphic action=maybe_recompile pc=0x00000000034abb4c method=java.util.HashMap.putVal(ILjava/lang/Object;Ljava/lang/Object;ZZ)Ljava/lang/Object; @ 203
Event: 3.853 Thread 0x0000000016bc2800 Uncommon trap: reason=bimorphic action=maybe_recompile pc=0x00000000034abb18 method=java.util.HashMap.putVal(ILjava/lang/Object;Ljava/lang/Object;ZZ)Ljava/lang/Object; @ 91
Event: 3.853 Thread 0x0000000016bc2800 Uncommon trap: reason=bimorphic action=maybe_recompile pc=0x00000000034abb4c method=java.util.HashMap.putVal(ILjava/lang/Object;Ljava/lang/Object;ZZ)Ljava/lang/Object; @ 203
Event: 3.853 Thread 0x0000000016bc2800 Uncommon trap: reason=bimorphic action=maybe_recompile pc=0x00000000034abb4c method=java.util.HashMap.putVal(ILjava/lang/Object;Ljava/lang/Object;ZZ)Ljava/lang/Object; @ 203
Event: 4.037 Thread 0x0000000016b81800 Uncommon trap: reason=unstable_if action=reinterpret pc=0x0000000003491de0 method=sun.font.TrueTypeFont.getDirectoryEntry(I)Lsun/font/TrueTypeFont$DirectoryEntry; @ 7
Event: 4.132 Thread 0x0000000016b81800 Uncommon trap: reason=class_check action=maybe_recompile pc=0x000000000334eee0 method=java.lang.String.equals(Ljava/lang/Object;)Z @ 8
Event: 4.132 Thread 0x0000000016b81800 Uncommon trap: reason=class_check action=maybe_recompile pc=0x000000000334eee0 method=java.lang.String.equals(Ljava/lang/Object;)Z @ 8
Event: 4.132 Thread 0x0000000016b81800 Uncommon trap: reason=class_check action=maybe_recompile pc=0x000000000334eee0 method=java.lang.String.equals(Ljava/lang/Object;)Z @ 8
Event: 4.132 Thread 0x0000000016b81800 Uncommon trap: reason=class_check action=maybe_recompile pc=0x000000000334eee0 method=java.lang.String.equals(Ljava/lang/Object;)Z @ 8
Event: 8.681 Thread 0x0000000016b81800 Uncommon trap: reason=bimorphic action=maybe_recompile pc=0x0000000003492dfc method=java.lang.ThreadLocal.get()Ljava/lang/Object; @ 6

Classes redefined (0 events):
No events

Internal exceptions (10 events):
Event: 0.610 Thread 0x00000000030c2800 Exception <a 'java/lang/NoSuchFieldError': method resolution failed> (0x00000000ed0aed38) thrown at [C:\re\workspace\8-2-build-windows-amd64-cygwin\jdk8u181\11358\hotspot\src\share\vm\prims\methodHandles.cpp, line 1167]
Event: 0.628 Thread 0x00000000030c2800 Exception <a 'java/lang/NoSuchFieldError': method resolution failed> (0x00000000ed0bc400) thrown at [C:\re\workspace\8-2-build-windows-amd64-cygwin\jdk8u181\11358\hotspot\src\share\vm\prims\methodHandles.cpp, line 1167]
Event: 2.108 Thread 0x00000000030c2800 Exception <a 'java/io/FileNotFoundException'> (0x00000000ed50c5e0) thrown at [C:\re\workspace\8-2-build-windows-amd64-cygwin\jdk8u181\11358\hotspot\src\share\vm\prims\jni.cpp, line 709]
Event: 2.218 Thread 0x0000000016b81800 Exception <a 'java/io/FileNotFoundException'> (0x00000000ed632d50) thrown at [C:\re\workspace\8-2-build-windows-amd64-cygwin\jdk8u181\11358\hotspot\src\share\vm\prims\jni.cpp, line 709]
Event: 2.218 Thread 0x0000000016b81800 Exception <a 'java/lang/NullPointerException'> (0x00000000ed633388) thrown at [C:\re\workspace\8-2-build-windows-amd64-cygwin\jdk8u181\11358\hotspot\src\share\vm\interpreter\linkResolver.cpp, line 1185]
Event: 3.059 Thread 0x0000000016b81800 Implicit null exception at 0x0000000003391916 to 0x0000000003391ca9
Event: 3.061 Thread 0x0000000016b81800 Implicit null exception at 0x000000000339a756 to 0x000000000339aae5
Event: 3.071 Thread 0x0000000016b81800 Implicit null exception at 0x00000000033a54d5 to 0x00000000033a56ad
Event: 3.072 Thread 0x0000000016b81800 Implicit null exception at 0x00000000033ed158 to 0x00000000033ed1e6
Event: 3.076 Thread 0x0000000016b81800 Implicit null exception at 0x00000000033f2c2f to 0x00000000033f2c99

Events (10 events):
Event: 7.026 loading class javax/swing/tree/PathPlaceHolder
Event: 7.027 loading class javax/swing/tree/PathPlaceHolder done
Event: 7.027 loading class javax/swing/event/TreeSelectionEvent
Event: 7.027 loading class javax/swing/event/TreeSelectionEvent done
Event: 8.480 Thread 0x00000000171d0800 Thread exited: 0x00000000171d0800
Event: 8.664 loading class sun/reflect/UnsafeFloatFieldAccessorImpl
Event: 8.664 loading class sun/reflect/UnsafeFloatFieldAccessorImpl done
Event: 8.681 Thread 0x0000000016b81800 Uncommon trap: trap_request=0xffffffc6 fr.pc=0x0000000003492dfc
Event: 8.681 Thread 0x0000000016b81800 DEOPT PACKING pc=0x0000000003492dfc sp=0x000000001917cc30
Event: 8.681 Thread 0x0000000016b81800 DEOPT UNPACKING pc=0x000000000320583b sp=0x000000001917cbd0 mode 2


Dynamic libraries:
0x00007ff6df510000 - 0x00007ff6df547000 	D:\Program Files\Java\jdk1.8.0_181\jre\bin\java.exe
0x00007ffda2c00000 - 0x00007ffda2de1000 	C:\WINDOWS\SYSTEM32\ntdll.dll
0x00007ffda1af0000 - 0x00007ffda1ba2000 	C:\WINDOWS\System32\KERNEL32.DLL
0x00007ffd9f1a0000 - 0x00007ffd9f413000 	C:\WINDOWS\System32\KERNELBASE.dll
0x00007ffda2990000 - 0x00007ffda2a31000 	C:\WINDOWS\System32\ADVAPI32.dll
0x00007ffda2060000 - 0x00007ffda20fe000 	C:\WINDOWS\System32\msvcrt.dll
0x00007ffda2100000 - 0x00007ffda215b000 	C:\WINDOWS\System32\sechost.dll
0x00007ffda2590000 - 0x00007ffda26b4000 	C:\WINDOWS\System32\RPCRT4.dll
0x00007ffda2a40000 - 0x00007ffda2bd0000 	C:\WINDOWS\System32\USER32.dll
0x00007ffd9efd0000 - 0x00007ffd9eff0000 	C:\WINDOWS\System32\win32u.dll
0x00007ffda23e0000 - 0x00007ffda2408000 	C:\WINDOWS\System32\GDI32.dll
0x00007ffd9fef0000 - 0x00007ffda0082000 	C:\WINDOWS\System32\gdi32full.dll
0x00007ffd9f420000 - 0x00007ffd9f4bf000 	C:\WINDOWS\System32\msvcp_win.dll
0x00007ffd9eff0000 - 0x00007ffd9f0ea000 	C:\WINDOWS\System32\ucrtbase.dll
0x00007ffd8fd90000 - 0x00007ffd8fff9000 	C:\WINDOWS\WinSxS\amd64_microsoft.windows.common-controls_6595b64144ccf1df_6.0.17134.228_none_fb4599993062b194\COMCTL32.dll
0x00007ffda0090000 - 0x00007ffda03b3000 	C:\WINDOWS\System32\combase.dll
0x00007ffd9f4c0000 - 0x00007ffd9f53a000 	C:\WINDOWS\System32\bcryptPrimitives.dll
0x00007ffda2160000 - 0x00007ffda218d000 	C:\WINDOWS\System32\IMM32.DLL
0x0000000070750000 - 0x0000000070822000 	D:\Program Files\Java\jdk1.8.0_181\jre\bin\msvcr100.dll
0x000000006ea00000 - 0x000000006f2a2000 	D:\Program Files\Java\jdk1.8.0_181\jre\bin\server\jvm.dll
0x00007ffda23d0000 - 0x00007ffda23d8000 	C:\WINDOWS\System32\PSAPI.DLL
0x00007ffd9ba20000 - 0x00007ffd9ba29000 	C:\WINDOWS\SYSTEM32\WSOCK32.dll
0x00007ffda1a80000 - 0x00007ffda1aec000 	C:\WINDOWS\System32\WS2_32.dll
0x00007ffd98520000 - 0x00007ffd98543000 	C:\WINDOWS\SYSTEM32\WINMM.dll
0x00007ffd96a80000 - 0x00007ffd96a8a000 	C:\WINDOWS\SYSTEM32\VERSION.dll
0x00007ffd984d0000 - 0x00007ffd984fa000 	C:\WINDOWS\SYSTEM32\WINMMBASE.dll
0x00007ffd9f540000 - 0x00007ffd9f589000 	C:\WINDOWS\System32\cfgmgr32.dll
0x0000000070740000 - 0x000000007074f000 	D:\Program Files\Java\jdk1.8.0_181\jre\bin\verify.dll
0x0000000070530000 - 0x0000000070559000 	D:\Program Files\Java\jdk1.8.0_181\jre\bin\java.dll
0x0000000070470000 - 0x0000000070486000 	D:\Program Files\Java\jdk1.8.0_181\jre\bin\zip.dll
0x00007ffda03c0000 - 0x00007ffda1800000 	C:\WINDOWS\System32\SHELL32.dll
0x00007ffda19d0000 - 0x00007ffda1a79000 	C:\WINDOWS\System32\shcore.dll
0x00007ffd9f5f0000 - 0x00007ffd9fcfd000 	C:\WINDOWS\System32\windows.storage.dll
0x00007ffda2790000 - 0x00007ffda27e1000 	C:\WINDOWS\System32\shlwapi.dll
0x00007ffd9efb0000 - 0x00007ffd9efc1000 	C:\WINDOWS\System32\kernel.appcore.dll
0x00007ffd9ef20000 - 0x00007ffd9ef3f000 	C:\WINDOWS\System32\profapi.dll
0x00007ffd9ef40000 - 0x00007ffd9ef8c000 	C:\WINDOWS\System32\powrprof.dll
0x00007ffd9ef10000 - 0x00007ffd9ef1a000 	C:\WINDOWS\System32\FLTLIB.DLL
0x000000006e860000 - 0x000000006e9f9000 	D:\Program Files\Java\jdk1.8.0_181\jre\bin\awt.dll
0x00007ffda26c0000 - 0x00007ffda2782000 	C:\WINDOWS\System32\OLEAUT32.dll
0x00007ffd9d250000 - 0x00007ffd9d2db000 	C:\WINDOWS\SYSTEM32\apphelp.dll
0x00007ffd9e940000 - 0x00007ffd9e957000 	C:\WINDOWS\SYSTEM32\CRYPTSP.dll
0x00007ffd9e370000 - 0x00007ffd9e3a3000 	C:\WINDOWS\system32\rsaenh.dll
0x00007ffd9ea70000 - 0x00007ffd9ea95000 	C:\WINDOWS\SYSTEM32\bcrypt.dll
0x00007ffd9ee40000 - 0x00007ffd9ee68000 	C:\WINDOWS\SYSTEM32\USERENV.dll
0x00007ffd9e960000 - 0x00007ffd9e96b000 	C:\WINDOWS\SYSTEM32\CRYPTBASE.dll
0x0000000070450000 - 0x000000007046a000 	D:\Program Files\Java\jdk1.8.0_181\jre\bin\net.dll
0x00007ffd9e790000 - 0x00007ffd9e7f6000 	C:\WINDOWS\system32\mswsock.dll
0x00007ffd9e510000 - 0x00007ffd9e548000 	C:\WINDOWS\SYSTEM32\IPHLPAPI.DLL
0x00007ffda1990000 - 0x00007ffda1998000 	C:\WINDOWS\System32\NSI.dll
0x00007ffd9a6d0000 - 0x00007ffd9a6e6000 	C:\WINDOWS\SYSTEM32\dhcpcsvc6.DLL
0x00007ffd9a650000 - 0x00007ffd9a66a000 	C:\WINDOWS\SYSTEM32\dhcpcsvc.DLL
0x0000000070430000 - 0x0000000070441000 	D:\Program Files\Java\jdk1.8.0_181\jre\bin\nio.dll
0x0000000180000000 - 0x0000000180031000 	C:\Users\baoye\AppData\Local\Temp\jna4402991250790538564.tmp
0x00007ffd7d260000 - 0x00007ffd7d397000 	C:\Projects\ClientDemo\lib\HCNetSDK.dll
0x0000000017430000 - 0x0000000017b21000 	C:\Projects\ClientDemo\lib\HCCore.dll
0x0000000017b30000 - 0x0000000017fc3000 	C:\Projects\ClientDemo\lib\PlayCtrl.dll
0x00007ffd916f0000 - 0x00007ffd91717000 	C:\Projects\ClientDemo\lib\AudioRender.dll
0x000000006ff00000 - 0x000000006ffa3000 	C:\WINDOWS\WinSxS\amd64_microsoft.vc90.crt_1fc8b3b9a1e18e3b_9.0.30729.9415_none_08e0c10ba840a28a\MSVCR90.dll
0x00007ffda2270000 - 0x00007ffda23c1000 	C:\WINDOWS\System32\ole32.dll
0x00007ffd8ce90000 - 0x00007ffd8cf1f000 	C:\WINDOWS\SYSTEM32\DSOUND.dll
0x0000000017fd0000 - 0x00000000180e5000 	C:\Projects\ClientDemo\lib\SuperRender.dll
0x00007ffd7ae40000 - 0x00007ffd7af36000 	C:\WINDOWS\SYSTEM32\DDRAW.dll
0x00007ffd9dd90000 - 0x00007ffd9de4b000 	C:\WINDOWS\SYSTEM32\dxgi.dll
0x00007ffd9b8a0000 - 0x00007ffd9b8a8000 	C:\WINDOWS\SYSTEM32\DCIMAN32.dll
0x00007ffd9d540000 - 0x00007ffd9d5d8000 	C:\WINDOWS\system32\uxtheme.dll
0x00007ffda2410000 - 0x00007ffda2585000 	C:\WINDOWS\System32\MSCTF.dll
0x00007ffd9d720000 - 0x00007ffd9d749000 	C:\WINDOWS\system32\dwmapi.dll
0x00007ffd7d3a0000 - 0x00007ffd7d4c0000 	C:\WINDOWS\system32\opengl32.dll
0x00007ffd91830000 - 0x00007ffd9185c000 	C:\WINDOWS\SYSTEM32\GLU32.dll
0x00000000703e0000 - 0x0000000070427000 	D:\Program Files\Java\jdk1.8.0_181\jre\bin\fontmanager.dll
0x00007ffd98710000 - 0x00007ffd987b7000 	C:\WINDOWS\WinSxS\amd64_microsoft.windows.common-controls_6595b64144ccf1df_5.82.17134.228_none_f95000f73097dead\comctl32.dll
0x0000000070390000 - 0x00000000703d2000 	D:\Program Files\Java\jdk1.8.0_181\jre\bin\t2k.dll
0x00007ffda1800000 - 0x00007ffda18a0000 	C:\WINDOWS\System32\clbcatq.dll
0x00007ffd97990000 - 0x00007ffd97b3e000 	C:\WINDOWS\SYSTEM32\WindowsCodecs.dll
0x00007ffd8a610000 - 0x00007ffd8a668000 	C:\WINDOWS\system32\dataexchange.dll
0x00007ffd9c290000 - 0x00007ffd9c59b000 	C:\WINDOWS\system32\d3d11.dll
0x00007ffd9cb70000 - 0x00007ffd9cd0c000 	C:\WINDOWS\system32\dcomp.dll
0x00007ffd9d330000 - 0x00007ffd9d4e8000 	C:\WINDOWS\system32\twinapi.appcore.dll
0x00007ffd9d5e0000 - 0x00007ffd9d601000 	C:\WINDOWS\system32\RMCLIENT.dll
0x00007ffd96c00000 - 0x00007ffd96c97000 	C:\WINDOWS\System32\TextInputFramework.dll
0x00007ffd972f0000 - 0x00007ffd9760e000 	C:\WINDOWS\System32\CoreUIComponents.dll
0x00007ffd9cd10000 - 0x00007ffd9cdea000 	C:\WINDOWS\System32\CoreMessaging.dll
0x00007ffd9e170000 - 0x00007ffd9e1a1000 	C:\WINDOWS\SYSTEM32\ntmarta.dll
0x00007ffd9b0f0000 - 0x00007ffd9b23d000 	C:\WINDOWS\SYSTEM32\wintypes.dll
0x00007ffd76050000 - 0x00007ffd76322000 	C:\Projects\ClientDemo\lib\HCNetSDKCom\HCVoiceTalk.dll
0x000000001c3f0000 - 0x000000001c73f000 	C:\Projects\ClientDemo\lib\HCNetSDKCom\HCCoreDevCfg.dll
0x00007ffd697c0000 - 0x00007ffd69ba9000 	C:\Projects\ClientDemo\lib\HCNetSDKCom\HCGeneralCfgMgr.dll
0x00007ffd69500000 - 0x00007ffd697ba000 	C:\Projects\ClientDemo\lib\HCNetSDKCom\HCPlayBack.dll
0x00007ffd69190000 - 0x00007ffd694f1000 	C:\Projects\ClientDemo\lib\HCNetSDKCom\HCIndustry.dll
0x00007ffd68e80000 - 0x00007ffd6918b000 	C:\Projects\ClientDemo\lib\HCNetSDKCom\HCDisplay.dll
0x00007ffd68b70000 - 0x00007ffd68e74000 	C:\Projects\ClientDemo\lib\HCNetSDKCom\HCPreview.dll
0x00007ffd688b0000 - 0x00007ffd68b68000 	C:\Projects\ClientDemo\lib\HCNetSDKCom\HCAlarm.dll
0x00007ffd90210000 - 0x00007ffd903d9000 	C:\WINDOWS\SYSTEM32\dbghelp.dll

VM Arguments:
jvm_args: -Dfile.encoding=UTF-8 -Xss1024k 
java_command: ClientDemo.ClientDemo
java_class_path (initial): C:\Projects\ClientDemo\ClientDemo-NetBeansPro\examples.jar;C:\Projects\ClientDemo\ClientDemo-NetBeansPro\jna.jar;C:\Projects\ClientDemo\ClientDemo-NetBeansPro\build\classes
Launcher Type: SUN_STANDARD

Environment Variables:
JAVA_HOME=D:\Program Files\Java\jdk1.8.0_181
CLASSPATH=.;D:\jdk\lib\dt.jar;D:\jdk\lib\tools.jar
PATH=C:\Program Files (x86)\Common Files\Oracle\Java\javapath;E:\ProgramData\anaconda;E:\ProgramData\anaconda\Library\mingw-w64\bin;E:\ProgramData\anaconda\Library\usr\bin;E:\ProgramData\anaconda\Library\bin;E:\ProgramData\anaconda\Scripts;E:\CTEX\UserData\miktex\bin;E:\CTEX\MiKTeX\miktex\bin;E:\CTEX\CTeX\ctex\bin;E:\CTEX\CTeX\cct\bin;E:\CTEX\CTeX\ty\bin;E:\CTEX\Ghostscript\gs9.04\bin;E:\CTEX\GSview\gsview;E:\CTEX\WinEdt;D:\Program Files\MATLAB\R2015b\runtime\win64;D:\Program Files\MATLAB\R2015b\bin;D:\Program Files\MATLAB\R2015b\polyspace\bin;D:\jdk\bin;C:\WINDOWS\system32;C:\WINDOWS;C:\WINDOWS\System32\Wbem;C:\WINDOWS\System32\WindowsPowerShell\v1.0\;E:\Users\baoye\Downloads\opencv\build\x64\vc14\bin;E:\Users\baoye\Downloads\opencv\build\x86\vc14\bin;E:\Emgu\emgucv-windows-universal_3.0.0.2157\bin;E:\Emgu\emgucv-windows-universal_3.0.0.2157\bin\x64;E:\Emgu\emgucv-windows-universal_3.0.0.2157\bin\x86;C:\WINDOWS\system32\config\systemprofile\.dnx\bin;C:\Program Files\Microsoft DNX\Dnvm\;C:\Program Files (x86)\Windows Kits\8.1\Windows Performance Toolkit\;C:\Program Files\Microsoft SQL Server\120\Tools\Binn\;E:\Emgu\emgucv-windows-universal-cuda_3.0.0.2158\bin;E:\Emgu\emgucv-windows-universal-cuda_3.0.0.2158\bin\x64;D:\jdk\jre\bin;E:\Program Files\TortoiseSVN\bin;C:\Program Files\MySQL\MySQL Server 5.7\bin;;C:\WINDOWS\System32\OpenSSH\;C:\Users\baoye\AppData\Local\Microsoft\WindowsApps;
USERNAME=baoye
OS=Windows_NT
PROCESSOR_IDENTIFIER=Intel64 Family 6 Model 42 Stepping 7, GenuineIntel



---------------  S Y S T E M  ---------------

OS: Windows 10.0 , 64 bit Build 17134 (10.0.17134.1)

CPU:total 2 (initial active 2) (2 cores per cpu, 1 threads per core) family 6 model 42 stepping 7, cmov, cx8, fxsr, mmx, sse, sse2, sse3, ssse3, sse4.1, sse4.2, popcnt, clmul, tsc, tscinvbit

Memory: 4k page, physical 3756360k(630036k free), swap 5735956k(1774976k free)

vm_info: Java HotSpot(TM) 64-Bit Server VM (25.181-b13) for windows-amd64 JRE (1.8.0_181-b13), built on Jul  7 2018 04:01:33 by "java_re" with MS VC++ 10.0 (VS2010)

time: Mon Aug 20 12:31:18 2018
elapsed time: 8 seconds (0d 0h 0m 8s)

